<?xml version="1.0" encoding="UTF-8"?>
<!-- Generated by org.testng.reporters.JUnitReportReporter -->
<testsuite skipped="0" hostname="RAJU-PC" name="sample.demo" tests="1" failures="0" timestamp="17 Jul 2018 12:56:01 GMT" time="16.796" errors="0">
  <testcase name="f" time="16.796" classname="sample.demo"/>
</testsuite> <!-- sample.demo -->
