<?xml version="1.0" encoding="UTF-8"?>
<!-- Generated by org.testng.reporters.JUnitReportReporter -->
<testsuite skipped="0" hostname="RAJU-PC" name="sample.demo" tests="1" failures="0" timestamp="18 Jul 2018 17:38:58 GMT" time="12.130" errors="0">
  <testcase name="f" time="12.130" classname="sample.demo"/>
</testsuite> <!-- sample.demo -->
